â•â•â•â•â•â•â•â•â•â•â•â•â•â•â•â•â•â•â•â•â•â•â•â•â•â•â•â•â•â•â•â•â•â•â•â•â•â•â•â•â•â•â•â•â•â•â•â•â•â•â•â•â•â•â•â•â•â•â•â•â•â•â•
  Ralph Multi-Agent System Started
  Time: Fri Jan 16 05:37:58 PM UTC 2026
  Max Iterations: 15
  Log: /home/james/ralph_ollama/logs/ralph_run_20260116_173758.log
â•â•â•â•â•â•â•â•â•â•â•â•â•â•â•â•â•â•â•â•â•â•â•â•â•â•â•â•â•â•â•â•â•â•â•â•â•â•â•â•â•â•â•â•â•â•â•â•â•â•â•â•â•â•â•â•â•â•â•â•â•â•â•
âœ… Activated virtual environment

â•â•â•â•â•â•â•â•â•â•â•â•â•â•â•â•â•â•â•â•â•â•â•â•â•â•â•â•â•â•â•â•â•â•â•â•â•â•â•â•â•â•â•â•â•â•â•â•â•â•â•â•â•â•â•â•â•â•â•â•â•â•â•
  Iteration 1 of 15
â•â•â•â•â•â•â•â•â•â•â•â•â•â•â•â•â•â•â•â•â•â•â•â•â•â•â•â•â•â•â•â•â•â•â•â•â•â•â•â•â•â•â•â•â•â•â•â•â•â•â•â•â•â•â•â•â•â•â•â•â•â•â•
  Current state: ready_for_test

â”€â”€â”€â”€â”€â”€â”€â”€â”€â”€â”€â”€â”€â”€â”€â”€â”€â”€â”€â”€â”€â”€â”€â”€â”€â”€â”€â”€â”€â”€â”€â”€â”€â”€â”€â”€â”€â”€â”€â”€â”€â”€â”€â”€â”€â”€â”€â”€â”€â”€â”€â”€â”€â”€â”€â”€â”€â”€â”€â”€â”€â”€â”€
  ğŸ¤– Running: Tester
â”€â”€â”€â”€â”€â”€â”€â”€â”€â”€â”€â”€â”€â”€â”€â”€â”€â”€â”€â”€â”€â”€â”€â”€â”€â”€â”€â”€â”€â”€â”€â”€â”€â”€â”€â”€â”€â”€â”€â”€â”€â”€â”€â”€â”€â”€â”€â”€â”€â”€â”€â”€â”€â”€â”€â”€â”€â”€â”€â”€â”€â”€â”€

ğŸ’­ ```json
{
  "name": "read_file",
  "arguments": {
    "path": "state/work_order.json"
  }
}
```

[Step 1] Executing 1 tool call(s)...
  â†’ read_file({
  "path": "state/work_order.json"
})
     âœ“ {"story_id":"US-001","file":"todo-app/src/db.php","code":"<?php\n$conn = new mysqli('mysql', 'root', 'rootpass', 'todoapp');\nif ($conn->connect_error) { die('Connection failed'); }\n"}

ğŸ’­ ```json
{
  "name": "run_cmd",
  "arguments": {
    "command": "docker exec todoapp-php php -l /var/www/html/db.php"
  }
}
```

[Step 2] Executing 1 tool call(s)...
  â†’ run_cmd({
  "command": "docker exec todoapp-php php -l /var/www/html/db.php"
})
     âœ“ No syntax errors detected in /var/www/html/db.php


ğŸ’­ ```json
{
  "name": "docker_uat",
  "arguments": {
    "url": "http://localhost:8080/",
    "expected_status": 200
  }
}
```

[Step 3] Executing 1 tool call(s)...
  â†’ docker_uat({
  "url": "http://localhost:8080/",
  "expected_status": 200
})
     âœ“ Error: Unknown tool 'docker_uat'

ğŸ’­ It seems there was an error with the `docker_uat` command. Let's try a different approach to test the HTTP service using `curl`.

```json
{
  "name": "run_cmd",
  "arguments": {
    "command": "curl -s http://localhost:8080/ | grep 'HTTP/1.1 200 OK'"
  }
}
```

[Step 4] Executing 1 tool call(s)...
  â†’ run_cmd({
  "command": "curl -s http://localhost:8080/ | grep 'HTTP/1.1 200 OK'"
})
     âœ“ Command exited with code 1


ğŸ’­ Based on the response, it seems that the HTTP request did not return a status of `200 OK`. Let's update the state to indicate that the tests have failed.

```json
{
  "name": "write_file",
  "arguments": {
    "path": "state/test_report.json",
    "content": "{\"error\":\"HTTP request did not return 200 OK status\"}"
  }
}
```

```json
{
  "name": "write_file",
  "arguments": {
    "path": "state/current_state.json",
    "content": "{\"state\":\"tests_failed\",\"story_id\":\"US-001\"}"
  }
}
```

Finally, output that the tests have failed.

```json

```

[Step 5] Executing 1 tool call(s)...
  â†’ output({
  "value": "TESTER_FAILED"
})
     âœ“ Error: Unknown tool 'output'

ğŸ’­ It appears there is an issue with the `output` command. Let's manually specify the output format.

### If ANY test fails:

Write report:
```json

```

Update state:
```json
}
```

Output: TESTER_FAILED

[Step 6] Executing 2 tool call(s)...
  â†’ write_file({
  "path": "state/test_report.json",
  "content": "{\"error\":\"HTTP request did not return 200 OK status\"}"
})
     âœ“ Successfully wrote to state/test_report.json
  â†’ write_file({
  "path": "state/current_state.json",
  "content": "{\"state\":\"tests_failed\",\"story_id\":\"US-001\"}"
})
     âœ“ Successfully wrote to state/current_state.json

ğŸ’­ Output: TESTER_FAILED
Output: TESTER_FAILED
  âœ— Tests failed

â•â•â•â•â•â•â•â•â•â•â•â•â•â•â•â•â•â•â•â•â•â•â•â•â•â•â•â•â•â•â•â•â•â•â•â•â•â•â•â•â•â•â•â•â•â•â•â•â•â•â•â•â•â•â•â•â•â•â•â•â•â•â•
  Iteration 2 of 15
â•â•â•â•â•â•â•â•â•â•â•â•â•â•â•â•â•â•â•â•â•â•â•â•â•â•â•â•â•â•â•â•â•â•â•â•â•â•â•â•â•â•â•â•â•â•â•â•â•â•â•â•â•â•â•â•â•â•â•â•â•â•â•
  Current state: tests_failed

â”€â”€â”€â”€â”€â”€â”€â”€â”€â”€â”€â”€â”€â”€â”€â”€â”€â”€â”€â”€â”€â”€â”€â”€â”€â”€â”€â”€â”€â”€â”€â”€â”€â”€â”€â”€â”€â”€â”€â”€â”€â”€â”€â”€â”€â”€â”€â”€â”€â”€â”€â”€â”€â”€â”€â”€â”€â”€â”€â”€â”€â”€â”€
  ğŸ¤– Running: Project Manager
â”€â”€â”€â”€â”€â”€â”€â”€â”€â”€â”€â”€â”€â”€â”€â”€â”€â”€â”€â”€â”€â”€â”€â”€â”€â”€â”€â”€â”€â”€â”€â”€â”€â”€â”€â”€â”€â”€â”€â”€â”€â”€â”€â”€â”€â”€â”€â”€â”€â”€â”€â”€â”€â”€â”€â”€â”€â”€â”€â”€â”€â”€â”€
